[2017-05-02 22:43:30.119] [INFO] console - Running app as a module
[2017-05-02 22:43:30.121] [INFO] console - worker is running
[2017-05-02 22:43:30.548] [INFO] console - 
[2017-05-02 22:43:31.197] [INFO] RedisIniter - connect
[2017-05-02 22:43:31.283] [INFO] RedisIniter - Ready
[2017-05-02 22:44:00.131] [INFO] console - Running app as a module
[2017-05-02 22:44:00.133] [INFO] console - worker is running
[2017-05-02 22:44:00.141] [INFO] server - 服务器端口：3000
[2017-05-02 22:44:00.230] [INFO] RedisIniter - connect
[2017-05-02 22:44:00.274] [INFO] RedisIniter - Ready
[2017-05-02 22:44:00.554] [INFO] console - 
[2017-05-02 22:47:33.080] [INFO] console - Running app as a module
[2017-05-02 22:47:33.083] [INFO] console - worker is running
[2017-05-02 22:47:33.091] [INFO] server - 服务器端口：3000
[2017-05-02 22:47:33.119] [INFO] RedisIniter - connect
[2017-05-02 22:47:33.209] [INFO] RedisIniter - Ready
[2017-05-02 22:47:33.677] [INFO] console - 
[2017-05-02 22:48:01.901] [INFO] console - Running app as a module
[2017-05-02 22:48:01.905] [INFO] console - worker is running
[2017-05-02 22:48:01.914] [INFO] server - 服务器端口：3000
[2017-05-02 22:48:01.989] [INFO] RedisIniter - connect
[2017-05-02 22:48:02.090] [INFO] RedisIniter - Ready
[2017-05-02 22:48:02.669] [INFO] console - 
[2017-05-02 22:48:06.574] [INFO] ControllerUser - Logout Api Call
[2017-05-02 23:04:01.216] [INFO] console - Running app as a module
[2017-05-02 23:04:01.219] [INFO] console - worker is running
[2017-05-02 23:04:01.229] [INFO] server - 服务器端口：3000
[2017-05-02 23:04:01.308] [INFO] RedisIniter - connect
[2017-05-02 23:04:01.398] [INFO] RedisIniter - Ready
[2017-05-02 23:04:01.673] [INFO] console - 
[2017-05-02 23:04:06.860] [INFO] ControllerUser - Logout Api Call
[2017-05-02 23:04:08.063] [INFO] ControllerUser - Logout Api Call
[2017-05-02 23:04:08.685] [INFO] ControllerUser - Logout Api Call
[2017-05-02 23:04:10.228] [INFO] ControllerUser - Logout Api Call
[2017-05-02 23:04:11.436] [INFO] ControllerUser - Logout Api Call
[2017-05-02 23:08:50.707] [INFO] console - Running app as a module
[2017-05-02 23:08:50.710] [INFO] console - worker is running
[2017-05-02 23:08:50.719] [INFO] server - 服务器端口：3000
[2017-05-02 23:08:50.801] [INFO] RedisIniter - connect
[2017-05-02 23:08:50.888] [INFO] RedisIniter - Ready
[2017-05-02 23:08:52.364] [INFO] ControllerUser - Logout Api Call
[2017-05-02 23:08:53.619] [INFO] console - 
[2017-05-02 23:09:10.931] [INFO] ControllerUser - Logout Api Call
[2017-05-02 23:09:12.594] [INFO] ControllerUser - Logout Api Call
[2017-05-02 23:09:13.388] [INFO] ControllerUser - Logout Api Call
[2017-05-02 23:09:13.939] [INFO] ControllerUser - Logout Api Call
[2017-05-02 23:09:14.372] [INFO] ControllerUser - Logout Api Call
[2017-05-02 23:09:14.857] [INFO] ControllerUser - Logout Api Call
[2017-05-02 23:09:15.577] [INFO] ControllerUser - Logout Api Call
[2017-05-02 23:09:16.009] [INFO] ControllerUser - Logout Api Call
[2017-05-02 23:09:16.458] [INFO] ControllerUser - Logout Api Call
[2017-05-02 23:09:16.923] [INFO] ControllerUser - Logout Api Call
[2017-05-02 23:09:17.395] [INFO] ControllerUser - Logout Api Call
[2017-05-02 23:09:17.860] [INFO] ControllerUser - Logout Api Call
[2017-05-02 23:09:18.204] [INFO] ControllerUser - Logout Api Call
